2024-11-30 17:11:33,870 - INFO - Making API request (attempt 1/3)
2024-11-30 17:11:34,209 - ERROR - API request failed: HTTPSConnectionPool(host='api.apify.com', port=443): Max retries exceeded with url: /v2/acts/curious_coder~facebook-ads-library-scraper/run-sync-get-dataset-items (Caused by SSLError(SSLCertVerificationError(1, '[SSL: CERTIFICATE_VERIFY_FAILED] certificate verify failed: unable to get local issuer certificate (_ssl.c:992)')))
2024-11-30 17:11:34,210 - INFO - Retrying in 5 seconds...
2024-11-30 17:11:39,210 - INFO - Making API request (attempt 2/3)
2024-11-30 17:11:39,451 - ERROR - API request failed: HTTPSConnectionPool(host='api.apify.com', port=443): Max retries exceeded with url: /v2/acts/curious_coder~facebook-ads-library-scraper/run-sync-get-dataset-items (Caused by SSLError(SSLCertVerificationError(1, '[SSL: CERTIFICATE_VERIFY_FAILED] certificate verify failed: unable to get local issuer certificate (_ssl.c:992)')))
2024-11-30 17:11:39,451 - INFO - Retrying in 10 seconds...
2024-11-30 17:11:55,715 - INFO - Making API request (attempt 1/3)
2024-11-30 17:16:56,054 - ERROR - API request failed: HTTPSConnectionPool(host='api.apify.com', port=443): Read timed out. (read timeout=300)
2024-11-30 17:16:56,054 - INFO - Retrying in 5 seconds...
2024-11-30 17:17:01,055 - INFO - Making API request (attempt 2/3)
2024-11-30 17:22:01,652 - ERROR - API request failed: HTTPSConnectionPool(host='api.apify.com', port=443): Read timed out. (read timeout=300)
2024-11-30 17:22:01,652 - INFO - Retrying in 10 seconds...
2024-11-30 17:22:11,653 - INFO - Making API request (attempt 3/3)
2024-11-30 17:27:30,409 - INFO - Making API request (attempt 1/3)
2024-11-30 17:32:31,115 - ERROR - API request failed: 408 Client Error: Request Timeout for url: https://api.apify.com/v2/acts/curious_coder~facebook-ads-library-scraper/run-sync-get-dataset-items
2024-11-30 17:32:31,115 - INFO - Retrying in 5 seconds...
2024-11-30 17:32:36,117 - INFO - Making API request (attempt 2/3)
2024-11-30 17:36:18,884 - INFO - Starting async run
2024-11-30 17:36:20,376 - INFO - Run status: RUNNING
2024-11-30 17:36:50,895 - INFO - Run status: RUNNING
2024-11-30 17:37:21,387 - INFO - Run status: RUNNING
2024-11-30 17:37:51,863 - INFO - Run status: RUNNING
2024-11-30 17:38:22,368 - INFO - Run status: RUNNING
2024-11-30 17:38:53,109 - INFO - Run status: RUNNING
2024-11-30 17:39:23,596 - INFO - Run status: RUNNING
2024-11-30 17:39:54,368 - INFO - Run status: RUNNING
2024-11-30 17:40:24,888 - INFO - Run status: RUNNING
2024-11-30 17:40:55,654 - INFO - Run status: RUNNING
2024-11-30 17:41:26,178 - INFO - Run status: RUNNING
2024-11-30 17:41:56,973 - INFO - Run status: RUNNING
2024-11-30 17:42:27,429 - INFO - Run status: RUNNING
2024-11-30 17:42:58,199 - INFO - Run status: RUNNING
2024-11-30 17:43:28,707 - INFO - Run status: RUNNING
2024-11-30 17:43:59,252 - INFO - Run status: RUNNING
2024-11-30 17:44:29,724 - INFO - Run status: RUNNING
2024-11-30 17:45:00,279 - INFO - Run status: RUNNING
2024-11-30 17:45:30,792 - INFO - Run status: RUNNING
2024-11-30 17:46:01,564 - INFO - Run status: RUNNING
2024-11-30 17:46:32,089 - INFO - Run status: RUNNING
2024-11-30 17:47:02,821 - INFO - Run status: RUNNING
2024-11-30 17:47:33,344 - INFO - Run status: RUNNING
2024-11-30 17:48:04,147 - INFO - Run status: RUNNING
2024-11-30 17:48:34,629 - INFO - Run status: RUNNING
2024-11-30 17:49:05,393 - INFO - Run status: RUNNING
2024-11-30 17:49:35,932 - INFO - Run status: RUNNING
2024-11-30 17:50:06,695 - INFO - Run status: RUNNING
2024-11-30 17:50:37,229 - INFO - Run status: RUNNING
2024-11-30 17:51:08,011 - INFO - Run status: RUNNING
2024-11-30 17:51:38,561 - INFO - Run status: RUNNING
2024-11-30 17:52:09,095 - INFO - Run status: SUCCEEDED
2024-11-30 17:52:09,553 - ERROR - API request failed: 404 Client Error: Not Found for url: https://api.apify.com/v2/acts/curious_coder~facebook-ads-library-scraper/runs/GB4UXIVgd5KfQCgO7/dataset/items
2024-11-30 17:52:09,553 - ERROR - Error during scraping: 404 Client Error: Not Found for url: https://api.apify.com/v2/acts/curious_coder~facebook-ads-library-scraper/runs/GB4UXIVgd5KfQCgO7/dataset/items
2024-11-30 18:15:37,034 - INFO - Starting async run
2024-11-30 18:15:38,236 - INFO - Run status: RUNNING
2024-11-30 18:16:09,005 - INFO - Run status: RUNNING
2024-11-30 18:16:39,559 - INFO - Run status: RUNNING
2024-11-30 18:17:10,148 - INFO - Run status: RUNNING
2024-11-30 18:17:40,631 - INFO - Run status: RUNNING
2024-11-30 18:18:11,404 - INFO - Run status: RUNNING
2024-11-30 18:18:41,898 - INFO - Run status: RUNNING
2024-11-30 18:19:12,390 - INFO - Run status: RUNNING
2024-11-30 18:19:43,108 - INFO - Run status: RUNNING
2024-11-30 18:20:13,579 - INFO - Run status: RUNNING
2024-11-30 18:20:44,069 - INFO - Run status: RUNNING
2024-11-30 18:21:14,886 - INFO - Run status: RUNNING
2024-11-30 18:21:45,503 - INFO - Run status: RUNNING
2024-11-30 18:22:16,011 - INFO - Run status: RUNNING
2024-11-30 18:22:46,539 - INFO - Run status: RUNNING
2024-11-30 18:23:17,353 - INFO - Run status: SUCCEEDED
2024-11-30 18:23:20,952 - INFO - Removed 2084 duplicate ads
2024-11-30 18:23:21,185 - INFO - Results saved to results\fb_ads_results_20241130_162320.json
2024-11-30 18:23:21,185 - INFO - Summary saved to results\fb_ads_summary_20241130_162320.json
